<?xml version="1.0" encoding="UTF-8"?>
<!-- Generated by org.testng.reporters.JUnitXMLReporter -->
<testsuite hostname="LAP12740" name="Default test" tests="4" failures="0" timestamp="10 Oct 2019 08:37:02 GMT" time="118.135" errors="0">
  <testcase name="TC_01_Login" time="1.01" classname="Default_Theme.TestCases"/>
  <testcase name="TC_01_Login2" time="62.371" classname="Default_Theme.TestCases"/>
  <testcase name="TC_12_paymentViettelSMS" time="24.937" classname="Default_Theme.TestCases"/>
  <testcase name="TC_13_paymentMobiSMS" time="23.699" classname="Default_Theme.TestCases"/>
</testsuite> <!-- Default test -->
