<?xml version="1.0" encoding="UTF-8"?>
<testng-results skipped="0" failed="0" total="4" passed="4">
  <reporter-output>
  </reporter-output>
  <suite name="Default suite" duration-ms="118135" started-at="2019-10-10T08:35:04Z" finished-at="2019-10-10T08:37:02Z">
    <groups>
    </groups>
    <test name="Default test" duration-ms="118135" started-at="2019-10-10T08:35:04Z" finished-at="2019-10-10T08:37:02Z">
      <class name="Default_Theme.TestCases">
        <test-method status="PASS" signature="beforeClass()[pri:0, instance:Default_Theme.TestCases@50cbc42f]" name="beforeClass" is-config="true" duration-ms="6106" started-at="2019-10-10T15:35:04Z" finished-at="2019-10-10T15:35:10Z">
          <reporter-output>
          </reporter-output>
        </test-method> <!-- beforeClass -->
        <test-method status="PASS" signature="TC_01_Login()[pri:2, instance:Default_Theme.TestCases@50cbc42f]" name="TC_01_Login" duration-ms="1010" started-at="2019-10-10T15:35:10Z" finished-at="2019-10-10T15:35:11Z">
          <reporter-output>
          </reporter-output>
        </test-method> <!-- TC_01_Login -->
        <test-method status="PASS" signature="TC_01_Login2()[pri:3, instance:Default_Theme.TestCases@50cbc42f]" name="TC_01_Login2" duration-ms="62371" started-at="2019-10-10T15:35:11Z" finished-at="2019-10-10T15:36:14Z">
          <reporter-output>
          </reporter-output>
        </test-method> <!-- TC_01_Login2 -->
        <test-method status="PASS" signature="TC_12_paymentViettelSMS()[pri:13, instance:Default_Theme.TestCases@50cbc42f]" name="TC_12_paymentViettelSMS" duration-ms="24937" started-at="2019-10-10T15:36:14Z" finished-at="2019-10-10T15:36:39Z">
          <reporter-output>
          </reporter-output>
        </test-method> <!-- TC_12_paymentViettelSMS -->
        <test-method status="PASS" signature="TC_13_paymentMobiSMS()[pri:13, instance:Default_Theme.TestCases@50cbc42f]" name="TC_13_paymentMobiSMS" duration-ms="23699" started-at="2019-10-10T15:36:39Z" finished-at="2019-10-10T15:37:02Z">
          <reporter-output>
          </reporter-output>
        </test-method> <!-- TC_13_paymentMobiSMS -->
        <test-method status="PASS" signature="afterClass()[pri:0, instance:Default_Theme.TestCases@50cbc42f]" name="afterClass" is-config="true" duration-ms="0" started-at="2019-10-10T15:37:02Z" finished-at="2019-10-10T15:37:02Z">
          <reporter-output>
          </reporter-output>
        </test-method> <!-- afterClass -->
      </class> <!-- Default_Theme.TestCases -->
    </test> <!-- Default test -->
  </suite> <!-- Default suite -->
</testng-results>
